<?xml version="1.0" encoding="UTF-8"?>
<testng-results skipped="0" failed="0" ignored="0" total="1" passed="1">
  <reporter-output>
  </reporter-output>
  <suite name="Default suite" duration-ms="83075" started-at="2020-10-20T15:18:22 CEST" finished-at="2020-10-20T15:19:45 CEST">
    <groups>
    </groups>
    <test name="Default test" duration-ms="83075" started-at="2020-10-20T15:18:22 CEST" finished-at="2020-10-20T15:19:45 CEST">
      <class name="hr.pb.fer.srsv.test.KompleksniTest">
        <test-method status="PASS" signature="beforeTest()[pri:0, instance:hr.pb.fer.srsv.test.KompleksniTest@7b49cea0]" name="beforeTest" is-config="true" duration-ms="26" started-at="2020-10-20T15:18:22 CEST" finished-at="2020-10-20T15:18:22 CEST">
          <reporter-output>
          </reporter-output>
        </test-method> <!-- beforeTest -->
        <test-method status="PASS" signature="punoRaskrizje()[pri:0, instance:hr.pb.fer.srsv.test.KompleksniTest@7b49cea0]" name="punoRaskrizje" duration-ms="83022" started-at="2020-10-20T15:18:22 CEST" finished-at="2020-10-20T15:19:45 CEST">
          <reporter-output>
          </reporter-output>
        </test-method> <!-- punoRaskrizje -->
        <test-method status="PASS" signature="afterTest()[pri:0, instance:hr.pb.fer.srsv.test.KompleksniTest@7b49cea0]" name="afterTest" is-config="true" duration-ms="0" started-at="2020-10-20T15:19:45 CEST" finished-at="2020-10-20T15:19:45 CEST">
          <reporter-output>
          </reporter-output>
        </test-method> <!-- afterTest -->
      </class> <!-- hr.pb.fer.srsv.test.KompleksniTest -->
    </test> <!-- Default test -->
  </suite> <!-- Default suite -->
</testng-results>
