<?xml version="1.0" encoding="UTF-8"?>
<!-- Generated by org.testng.reporters.JUnitXMLReporter -->
<testsuite hostname="Pavaos-MacBook-Pro.local" ignored="0" name="Default test" tests="12" failures="0" timestamp="2020-11-01T13:59:28 CET" time="166.178" errors="0">
  <testcase name="smjerI" time="6.016" classname="hr.pb.fer.srsv.test.VoziloTest"/>
  <testcase name="smjerJ" time="6.005" classname="hr.pb.fer.srsv.test.VoziloTest"/>
  <testcase name="smjerZ" time="6.007" classname="hr.pb.fer.srsv.test.VoziloTest"/>
  <testcase name="smjerS" time="6.009" classname="hr.pb.fer.srsv.test.VoziloTest"/>
  <testcase name="smjerZS" time="6.007" classname="hr.pb.fer.srsv.test.VoziloTest"/>
  <testcase name="smjerSI" time="6.005" classname="hr.pb.fer.srsv.test.VoziloTest"/>
  <testcase name="smjerIJ" time="6.007" classname="hr.pb.fer.srsv.test.VoziloTest"/>
  <testcase name="smjerJZ" time="6.008" classname="hr.pb.fer.srsv.test.VoziloTest"/>
  <testcase name="smjerJI" time="6.006" classname="hr.pb.fer.srsv.test.VoziloTest"/>
  <testcase name="smjerSZ" time="6.007" classname="hr.pb.fer.srsv.test.VoziloTest"/>
  <testcase name="smjerIS" time="6.005" classname="hr.pb.fer.srsv.test.VoziloTest"/>
  <testcase name="smjerZJ" time="100.009" classname="hr.pb.fer.srsv.test.VoziloTest"/>
</testsuite> <!-- Default test -->
